<?xml version="1.0" encoding="UTF-8"?>
<!-- Generated by org.testng.reporters.JUnitXMLReporter -->
<testsuite ignored="0" hostname="CFLNAVALUR4799" failures="2" tests="2" name="EdgeTest" time="42.55" errors="0" timestamp="2024-05-06T11:29:13 IST">
  <testcase classname="com.nifty50.testscases.NSEIndiaStock" name="selectAnyStockNIFTY50" time="1.417">
    <failure type="org.openqa.selenium.ElementClickInterceptedException" message="element click intercepted: Element &amp;lt;a href=&amp;quot;/get-quotes/equity?symbol=...&amp;quot; target=&amp;quot;_blank&amp;quot; class=&amp;quot;symbol-word-break&amp;quot;&amp;gt;BRITANNIA&amp;lt;/a&amp;gt; is not clickable at point (64, 7). Other element would receive the click: &amp;lt;ul class=&amp;quot;topband-gray d-flex justify-content-center&amp;quot;&amp;gt;...&amp;lt;/ul&amp;gt;
  (Session info: MicrosoftEdge=124.0.2478.80)
Build info: version: &amp;apos;4.3.0&amp;apos;, revision: &amp;apos;a4995e2c09*&amp;apos;
System info: host: &amp;apos;CFLNAVALUR4799&amp;apos;, ip: &amp;apos;172.20.32.92&amp;apos;, os.name: &amp;apos;Windows 11&amp;apos;, os.arch: &amp;apos;amd64&amp;apos;, os.version: &amp;apos;10.0&amp;apos;, java.version: &amp;apos;17.0.3&amp;apos;
Driver info: org.openqa.selenium.edge.EdgeDriver
Command: [bfa6927bea8ae2b2b199ca6c71fec38a, clickElement {id=f.C792905199B062006472A677275C786F.d.36CAC25E787EEB0183ED5EB09A2EEF68.e.234}]
Capabilities {acceptInsecureCerts: false, browserName: MicrosoftEdge, browserVersion: 124.0.2478.80, fedcm:accounts: true, ms:edgeOptions: {debuggerAddress: localhost:49745}, msedge: {msedgedriverVersion: 124.0.2477.0 (59779f1ef85a6..., userDataDir: C:\Users\TEJAPR~1\AppData\L...}, networkConnectionEnabled: false, pageLoadStrategy: normal, platformName: WINDOWS, proxy: Proxy(), se:cdp: ws://localhost:49745/devtoo..., se:cdpVersion: 124.0.2478.80, setWindowRect: true, strictFileInteractability: false, timeouts: {implicit: 0, pageLoad: 300000, script: 30000}, unhandledPromptBehavior: dismiss and notify, webauthn:extension:credBlob: true, webauthn:extension:largeBlob: true, webauthn:extension:minPinLength: true, webauthn:extension:prf: true, webauthn:virtualAuthenticators: true}
Element: [[EdgeDriver: MicrosoftEdge on WINDOWS (bfa6927bea8ae2b2b199ca6c71fec38a)] -&amp;gt; xpath: //table[@id=&amp;apos;tab1Ganier&amp;apos;]/tbody/tr/td/a]
Session ID: bfa6927bea8ae2b2b199ca6c71fec38a">
      <![CDATA[org.openqa.selenium.ElementClickInterceptedException: element click intercepted: Element <a href="/get-quotes/equity?symbol=..." target="_blank" class="symbol-word-break">BRITANNIA</a> is not clickable at point (64, 7). Other element would receive the click: <ul class="topband-gray d-flex justify-content-center">...</ul>
  (Session info: MicrosoftEdge=124.0.2478.80)
Build info: version: '4.3.0', revision: 'a4995e2c09*'
System info: host: 'CFLNAVALUR4799', ip: '172.20.32.92', os.name: 'Windows 11', os.arch: 'amd64', os.version: '10.0', java.version: '17.0.3'
Driver info: org.openqa.selenium.edge.EdgeDriver
Command: [bfa6927bea8ae2b2b199ca6c71fec38a, clickElement {id=f.C792905199B062006472A677275C786F.d.36CAC25E787EEB0183ED5EB09A2EEF68.e.234}]
Capabilities {acceptInsecureCerts: false, browserName: MicrosoftEdge, browserVersion: 124.0.2478.80, fedcm:accounts: true, ms:edgeOptions: {debuggerAddress: localhost:49745}, msedge: {msedgedriverVersion: 124.0.2477.0 (59779f1ef85a6..., userDataDir: C:\Users\TEJAPR~1\AppData\L...}, networkConnectionEnabled: false, pageLoadStrategy: normal, platformName: WINDOWS, proxy: Proxy(), se:cdp: ws://localhost:49745/devtoo..., se:cdpVersion: 124.0.2478.80, setWindowRect: true, strictFileInteractability: false, timeouts: {implicit: 0, pageLoad: 300000, script: 30000}, unhandledPromptBehavior: dismiss and notify, webauthn:extension:credBlob: true, webauthn:extension:largeBlob: true, webauthn:extension:minPinLength: true, webauthn:extension:prf: true, webauthn:virtualAuthenticators: true}
Element: [[EdgeDriver: MicrosoftEdge on WINDOWS (bfa6927bea8ae2b2b199ca6c71fec38a)] -> xpath: //table[@id='tab1Ganier']/tbody/tr/td/a]
Session ID: bfa6927bea8ae2b2b199ca6c71fec38a
at org.openqa.selenium.remote.codec.w3c.W3CHttpResponseCodec.createException(W3CHttpResponseCodec.java:200)
at org.openqa.selenium.remote.codec.w3c.W3CHttpResponseCodec.decode(W3CHttpResponseCodec.java:133)
at org.openqa.selenium.remote.codec.w3c.W3CHttpResponseCodec.decode(W3CHttpResponseCodec.java:53)
at org.openqa.selenium.remote.HttpCommandExecutor.execute(HttpCommandExecutor.java:184)
at org.openqa.selenium.remote.service.DriverCommandExecutor.invokeExecute(DriverCommandExecutor.java:167)
at org.openqa.selenium.remote.service.DriverCommandExecutor.execute(DriverCommandExecutor.java:142)
at org.openqa.selenium.remote.RemoteWebDriver.execute(RemoteWebDriver.java:569)
at org.openqa.selenium.remote.RemoteWebElement.execute(RemoteWebElement.java:257)
at org.openqa.selenium.remote.RemoteWebElement.click(RemoteWebElement.java:78)
at com.nifty50.testscases.NSEIndiaStock.selectAnyStockNIFTY50(NSEIndiaStock.java:44)
at java.base/java.util.ArrayList.forEach(ArrayList.java:1511)
at java.base/java.util.concurrent.FutureTask.run(FutureTask.java:264)
at java.base/java.util.concurrent.ThreadPoolExecutor.runWorker(ThreadPoolExecutor.java:1136)
at java.base/java.util.concurrent.ThreadPoolExecutor$Worker.run(ThreadPoolExecutor.java:635)
at java.base/java.lang.Thread.run(Thread.java:833)
... Removed 22 stack frames]]>
    </failure>
  </testcase> <!-- selectAnyStockNIFTY50 -->
  <testcase classname="com.nifty50.testscases.NSEIndiaStock" name="stockInformationVerifyRCOM" time="9.607">
    <failure type="java.lang.IndexOutOfBoundsException" message="Index 1 out of bounds for length 1">
      <![CDATA[java.lang.IndexOutOfBoundsException: Index 1 out of bounds for length 1
at java.base/jdk.internal.util.Preconditions.outOfBounds(Preconditions.java:64)
at java.base/jdk.internal.util.Preconditions.outOfBoundsCheckIndex(Preconditions.java:70)
at java.base/jdk.internal.util.Preconditions.checkIndex(Preconditions.java:266)
at java.base/java.util.Objects.checkIndex(Objects.java:359)
at java.base/java.util.ArrayList.get(ArrayList.java:427)
at com.nifty50.pages.NSEnifty50Page.searchStock(NSEnifty50Page.java:66)
at com.nifty50.testscases.NSEIndiaStock.stockInformationVerifyRCOM(NSEIndiaStock.java:22)
at java.base/java.util.ArrayList.forEach(ArrayList.java:1511)
at java.base/java.util.concurrent.FutureTask.run(FutureTask.java:264)
at java.base/java.util.concurrent.ThreadPoolExecutor.runWorker(ThreadPoolExecutor.java:1136)
at java.base/java.util.concurrent.ThreadPoolExecutor$Worker.run(ThreadPoolExecutor.java:635)
at java.base/java.lang.Thread.run(Thread.java:833)
... Removed 17 stack frames]]>
    </failure>
  </testcase> <!-- stockInformationVerifyRCOM -->
</testsuite> <!-- EdgeTest -->
